TN:
SF:src/app.js
FN:18,(anonymous_0)
FN:34,(anonymous_1)
FN:40,(anonymous_2)
FNF:3
FNH:1
FNDA:117,(anonymous_0)
FNDA:0,(anonymous_1)
FNDA:0,(anonymous_2)
DA:1,5
DA:2,5
DA:3,5
DA:5,5
DA:6,5
DA:7,5
DA:8,5
DA:9,5
DA:11,5
DA:13,5
DA:18,5
DA:19,117
DA:20,117
DA:23,5
DA:24,5
DA:26,5
DA:28,5
DA:29,5
DA:30,5
DA:31,5
DA:32,5
DA:34,5
DA:35,0
DA:39,5
DA:40,5
DA:41,0
DA:44,5
LF:27
LH:25
BRF:0
BRH:0
end_of_record
TN:
SF:src/__tests__/integration/setup.js
FN:7,(anonymous_0)
FN:16,(anonymous_1)
FNF:2
FNH:2
FNDA:5,(anonymous_0)
FNDA:2,(anonymous_1)
DA:1,5
DA:2,5
DA:3,5
DA:4,5
DA:5,5
DA:7,5
DA:8,5
DA:9,5
DA:10,5
DA:11,5
DA:12,5
DA:13,5
DA:16,5
DA:17,2
DA:20,5
LF:15
LH:15
BRF:0
BRH:0
end_of_record
TN:
SF:src/config/db.js
FNF:0
FNH:0
DA:1,5
DA:3,5
DA:22,5
LF:3
LH:3
BRF:0
BRH:0
end_of_record
TN:
SF:src/config/multer.js
FN:11,(anonymous_0)
FN:14,(anonymous_1)
FN:20,(anonymous_2)
FNF:3
FNH:3
FNDA:1,(anonymous_0)
FNDA:1,(anonymous_1)
FNDA:1,(anonymous_2)
DA:1,5
DA:2,5
DA:3,5
DA:5,5
DA:6,5
DA:7,0
DA:10,5
DA:12,1
DA:15,1
DA:16,1
DA:20,5
DA:21,1
DA:25,1
DA:26,1
DA:28,0
DA:32,5
DA:38,5
LF:17
LH:15
BRDA:6,0,0,0
BRDA:6,0,1,5
BRDA:25,1,0,1
BRDA:25,1,1,0
BRF:4
BRH:2
end_of_record
TN:
SF:src/controllers/auditLogController.js
FN:6,(anonymous_0)
FNF:1
FNH:1
FNDA:3,(anonymous_0)
DA:1,5
DA:2,5
DA:3,5
DA:6,5
DA:7,3
DA:16,3
DA:18,3
DA:20,3
DA:21,3
DA:23,3
DA:24,0
DA:31,3
DA:32,0
DA:33,3
DA:34,0
DA:35,3
DA:36,0
DA:39,3
DA:41,3
DA:54,3
DA:66,0
DA:67,0
DA:71,5
LF:23
LH:17
BRDA:14,0,0,2
BRDA:15,1,0,2
BRDA:20,2,0,1
BRDA:20,2,1,2
BRDA:21,3,0,0
BRDA:21,3,1,3
BRDA:23,4,0,0
BRDA:23,4,1,3
BRDA:31,5,0,0
BRDA:31,5,1,3
BRDA:31,6,0,3
BRDA:31,6,1,0
BRDA:33,7,0,0
BRDA:33,7,1,3
BRDA:35,8,0,0
BRDA:35,8,1,3
BRF:16
BRH:10
end_of_record
TN:
SF:src/controllers/authController.js
FN:5,(anonymous_0)
FN:74,(anonymous_1)
FNF:2
FNH:2
FNDA:16,(anonymous_0)
FNDA:1,(anonymous_1)
DA:1,5
DA:2,5
DA:3,5
DA:5,5
DA:6,16
DA:7,16
DA:9,16
DA:10,1
DA:16,15
DA:18,15
DA:19,1
DA:25,14
DA:26,1
DA:32,13
DA:34,13
DA:35,1
DA:41,12
DA:51,12
DA:66,0
DA:67,0
DA:74,5
DA:75,1
DA:81,5
LF:23
LH:21
BRDA:9,0,0,1
BRDA:9,0,1,15
BRDA:9,1,0,16
BRDA:9,1,1,15
BRDA:18,2,0,1
BRDA:18,2,1,14
BRDA:25,3,0,1
BRDA:25,3,1,13
BRDA:34,4,0,1
BRDA:34,4,1,12
BRF:10
BRH:10
end_of_record
TN:
SF:src/controllers/businessCaseController.js
FN:25,(anonymous_0)
FN:38,(anonymous_1)
FN:49,(anonymous_2)
FN:92,(anonymous_3)
FN:119,(anonymous_4)
FN:143,(anonymous_5)
FN:283,(anonymous_6)
FN:466,(anonymous_7)
FN:492,(anonymous_8)
FN:505,(anonymous_9)
FN:621,(anonymous_10)
FN:622,(anonymous_11)
FN:624,(anonymous_12)
FN:626,(anonymous_13)
FN:627,(anonymous_14)
FN:631,(anonymous_15)
FN:657,(anonymous_16)
FN:724,(anonymous_17)
FN:733,(anonymous_18)
FN:741,(anonymous_19)
FN:757,(anonymous_20)
FN:757,(anonymous_21)
FN:761,(anonymous_22)
FN:762,(anonymous_23)
FN:765,(anonymous_24)
FN:766,(anonymous_25)
FN:767,(anonymous_26)
FN:769,(anonymous_27)
FN:774,(anonymous_28)
FN:774,(anonymous_29)
FN:778,(anonymous_30)
FN:785,(anonymous_31)
FN:788,(anonymous_32)
FN:791,(anonymous_33)
FN:792,(anonymous_34)
FN:797,(anonymous_35)
FN:798,(anonymous_36)
FN:799,(anonymous_37)
FNF:38
FNH:19
FNDA:4,(anonymous_0)
FNDA:4,(anonymous_1)
FNDA:7,(anonymous_2)
FNDA:1,(anonymous_3)
FNDA:3,(anonymous_4)
FNDA:4,(anonymous_5)
FNDA:3,(anonymous_6)
FNDA:2,(anonymous_7)
FNDA:3,(anonymous_8)
FNDA:2,(anonymous_9)
FNDA:2,(anonymous_10)
FNDA:2,(anonymous_11)
FNDA:2,(anonymous_12)
FNDA:2,(anonymous_13)
FNDA:0,(anonymous_14)
FNDA:2,(anonymous_15)
FNDA:2,(anonymous_16)
FNDA:1,(anonymous_17)
FNDA:1,(anonymous_18)
FNDA:2,(anonymous_19)
FNDA:0,(anonymous_20)
FNDA:0,(anonymous_21)
FNDA:0,(anonymous_22)
FNDA:0,(anonymous_23)
FNDA:0,(anonymous_24)
FNDA:0,(anonymous_25)
FNDA:0,(anonymous_26)
FNDA:0,(anonymous_27)
FNDA:0,(anonymous_28)
FNDA:0,(anonymous_29)
FNDA:0,(anonymous_30)
FNDA:0,(anonymous_31)
FNDA:0,(anonymous_32)
FNDA:0,(anonymous_33)
FNDA:0,(anonymous_34)
FNDA:0,(anonymous_35)
FNDA:0,(anonymous_36)
FNDA:0,(anonymous_37)
DA:1,5
DA:2,5
DA:3,5
DA:4,5
DA:5,5
DA:6,5
DA:7,5
DA:8,5
DA:9,5
DA:10,5
DA:11,5
DA:12,5
DA:13,5
DA:14,5
DA:15,5
DA:16,5
DA:22,5
DA:25,5
DA:26,4
DA:27,4
DA:28,4
DA:29,4
DA:30,4
DA:32,4
DA:38,4
DA:39,4
DA:40,4
DA:41,4
DA:44,4
DA:45,4
DA:49,5
DA:50,7
DA:51,7
DA:52,7
DA:53,7
DA:54,3
DA:60,7
DA:61,7
DA:62,7
DA:64,7
DA:65,7
DA:79,7
DA:86,0
DA:87,0
DA:92,5
DA:93,1
DA:94,1
DA:95,1
DA:97,1
DA:111,1
DA:113,0
DA:114,0
DA:119,5
DA:120,3
DA:121,3
DA:134,3
DA:135,2
DA:137,0
DA:138,0
DA:143,5
DA:144,4
DA:145,4
DA:157,4
DA:159,4
DA:164,4
DA:165,4
DA:167,4
DA:168,4
DA:169,1
DA:170,1
DA:171,1
DA:174,4
DA:220,4
DA:222,4
DA:225,4
DA:226,0
DA:235,4
DA:238,4
DA:239,4
DA:240,4
DA:259,4
DA:269,4
DA:270,4
DA:276,0
DA:277,0
DA:278,0
DA:283,5
DA:284,3
DA:285,3
DA:286,3
DA:287,3
DA:300,2
DA:302,2
DA:307,2
DA:308,2
DA:309,0
DA:310,0
DA:311,0
DA:312,0
DA:316,2
DA:321,2
DA:338,2
DA:381,2
DA:383,2
DA:385,2
DA:386,0
DA:387,0
DA:394,2
DA:395,2
DA:398,2
DA:399,2
DA:400,2
DA:401,2
DA:420,2
DA:437,2
DA:438,2
DA:439,2
DA:441,2
DA:442,2
DA:446,2
DA:456,2
DA:457,2
DA:459,0
DA:460,0
DA:461,0
DA:466,5
DA:467,2
DA:468,2
DA:469,2
DA:470,1
DA:472,1
DA:473,1
DA:475,1
DA:484,1
DA:486,0
DA:487,0
DA:492,5
DA:493,3
DA:494,3
DA:495,3
DA:496,2
DA:497,1
DA:499,0
DA:500,0
DA:505,5
DA:506,2
DA:507,2
DA:508,2
DA:509,2
DA:510,0
DA:512,2
DA:513,1
DA:520,2
DA:521,2
DA:522,2
DA:524,2
DA:536,2
DA:537,2
DA:539,2
DA:612,2
DA:613,2
DA:614,2
DA:615,2
DA:616,2
DA:618,2
DA:619,2
DA:621,2
DA:622,2
DA:623,2
DA:625,2
DA:626,2
DA:627,2
DA:628,2
DA:631,2
DA:632,2
DA:634,2
DA:657,2
DA:707,2
DA:708,0
DA:710,2
DA:713,2
DA:714,2
DA:715,2
DA:716,2
DA:718,0
DA:719,0
DA:724,5
DA:725,1
DA:726,1
DA:727,1
DA:728,1
DA:733,1
DA:735,0
DA:736,0
DA:741,5
DA:742,2
DA:743,2
DA:744,2
DA:745,2
DA:746,2
DA:747,2
DA:748,2
DA:750,2
DA:756,2
DA:757,0
DA:760,2
DA:761,2
DA:762,2
DA:764,2
DA:765,2
DA:766,0
DA:767,0
DA:769,2
DA:773,2
DA:774,0
DA:777,2
DA:778,2
DA:779,0
DA:780,0
DA:781,0
DA:782,0
DA:783,0
DA:785,0
DA:786,0
DA:787,0
DA:788,0
DA:790,0
DA:791,0
DA:792,0
DA:796,2
DA:797,0
DA:798,0
DA:799,0
DA:802,2
DA:807,0
DA:808,0
DA:812,5
LF:237
LH:187
BRDA:27,0,0,4
BRDA:27,0,1,0
BRDA:40,1,0,4
BRDA:40,1,1,0
BRDA:41,2,0,4
BRDA:41,2,1,0
BRDA:51,3,0,5
BRDA:51,4,0,5
BRDA:51,5,0,6
BRDA:51,6,0,6
BRDA:53,7,0,3
BRDA:53,7,1,4
BRDA:60,8,0,0
BRDA:60,8,1,7
BRDA:61,9,0,0
BRDA:61,9,1,7
BRDA:62,10,0,0
BRDA:62,10,1,7
BRDA:134,11,0,1
BRDA:134,11,1,2
BRDA:165,12,0,4
BRDA:165,12,1,0
BRDA:168,13,0,1
BRDA:168,13,1,3
BRDA:220,14,0,4
BRDA:220,14,1,0
BRDA:221,15,0,0
BRDA:221,15,1,0
BRDA:222,16,0,4
BRDA:222,16,1,0
BRDA:225,17,0,0
BRDA:225,17,1,4
BRDA:225,18,0,4
BRDA:225,18,1,0
BRDA:228,19,0,0
BRDA:228,19,1,0
BRDA:230,20,0,0
BRDA:230,20,1,0
BRDA:238,21,0,4
BRDA:238,21,1,0
BRDA:238,22,0,4
BRDA:238,22,1,4
BRDA:287,23,0,1
BRDA:287,23,1,2
BRDA:308,24,0,0
BRDA:308,24,1,2
BRDA:309,25,0,0
BRDA:309,25,1,0
BRDA:309,26,0,0
BRDA:309,26,1,0
BRDA:342,27,0,0
BRDA:342,27,1,2
BRDA:381,28,0,2
BRDA:381,28,1,0
BRDA:382,29,0,0
BRDA:382,29,1,0
BRDA:383,30,0,2
BRDA:383,30,1,0
BRDA:385,31,0,0
BRDA:385,31,1,2
BRDA:385,32,0,2
BRDA:385,32,1,0
BRDA:389,33,0,0
BRDA:389,33,1,0
BRDA:391,34,0,0
BRDA:391,34,1,0
BRDA:394,35,0,2
BRDA:394,35,1,0
BRDA:398,36,0,2
BRDA:398,36,1,0
BRDA:398,37,0,2
BRDA:398,37,1,2
BRDA:433,38,0,0
BRDA:433,38,1,2
BRDA:438,39,0,2
BRDA:438,39,1,0
BRDA:439,40,0,0
BRDA:439,40,1,2
BRDA:442,41,0,2
BRDA:442,41,1,0
BRDA:450,42,0,2
BRDA:450,42,1,0
BRDA:469,43,0,1
BRDA:469,43,1,1
BRDA:470,44,0,0
BRDA:470,44,1,1
BRDA:470,45,0,1
BRDA:470,45,1,0
BRDA:481,46,0,1
BRDA:481,46,1,0
BRDA:495,47,0,1
BRDA:495,47,1,2
BRDA:495,48,0,3
BRDA:495,48,1,3
BRDA:496,49,0,1
BRDA:496,49,1,1
BRDA:509,50,0,0
BRDA:509,50,1,2
BRDA:512,51,0,1
BRDA:512,51,1,1
BRDA:520,52,0,0
BRDA:520,52,1,2
BRDA:521,53,0,0
BRDA:521,53,1,2
BRDA:522,54,0,0
BRDA:522,54,1,2
BRDA:622,55,0,2
BRDA:622,55,1,0
BRDA:622,56,0,2
BRDA:622,56,1,0
BRDA:623,57,0,2
BRDA:623,57,1,0
BRDA:624,58,0,2
BRDA:624,58,1,0
BRDA:625,59,0,0
BRDA:625,59,1,2
BRDA:626,60,0,2
BRDA:626,60,1,0
BRDA:626,61,0,2
BRDA:626,61,1,0
BRDA:628,62,0,2
BRDA:628,62,1,2
BRDA:631,63,0,2
BRDA:631,63,1,0
BRDA:631,64,0,2
BRDA:631,64,1,0
BRDA:631,65,0,2
BRDA:631,65,1,0
BRDA:635,66,0,2
BRDA:635,66,1,0
BRDA:636,67,0,2
BRDA:636,67,1,0
BRDA:637,68,0,2
BRDA:637,68,1,0
BRDA:638,69,0,2
BRDA:638,69,1,0
BRDA:639,70,0,2
BRDA:639,70,1,0
BRDA:640,71,0,2
BRDA:640,71,1,0
BRDA:641,72,0,2
BRDA:641,72,1,0
BRDA:642,73,0,2
BRDA:642,73,1,2
BRDA:643,74,0,2
BRDA:643,74,1,0
BRDA:644,75,0,2
BRDA:644,75,1,0
BRDA:645,76,0,2
BRDA:645,76,1,2
BRDA:646,77,0,2
BRDA:646,77,1,2
BRDA:647,78,0,2
BRDA:647,78,1,2
BRDA:648,79,0,2
BRDA:648,79,1,2
BRDA:649,80,0,2
BRDA:649,80,1,2
BRDA:650,81,0,2
BRDA:650,81,1,0
BRDA:651,82,0,2
BRDA:651,82,1,0
BRDA:652,83,0,2
BRDA:652,83,1,0
BRDA:653,84,0,2
BRDA:653,84,1,0
BRDA:654,85,0,2
BRDA:654,85,1,0
BRDA:655,86,0,2
BRDA:655,86,1,0
BRDA:656,87,0,2
BRDA:656,87,1,0
BRDA:657,88,0,2
BRDA:657,88,1,0
BRDA:658,89,0,2
BRDA:658,89,1,0
BRDA:659,90,0,2
BRDA:659,90,1,0
BRDA:660,91,0,2
BRDA:660,91,1,0
BRDA:661,92,0,2
BRDA:661,92,1,0
BRDA:662,93,0,2
BRDA:662,93,1,0
BRDA:666,94,0,2
BRDA:666,94,1,0
BRDA:667,95,0,2
BRDA:667,95,1,2
BRDA:668,96,0,2
BRDA:668,96,1,2
BRDA:669,97,0,2
BRDA:669,97,1,2
BRDA:670,98,0,2
BRDA:670,98,1,2
BRDA:671,99,0,2
BRDA:671,99,1,2
BRDA:672,100,0,2
BRDA:672,100,1,2
BRDA:673,101,0,2
BRDA:673,101,1,2
BRDA:674,102,0,2
BRDA:674,102,1,2
BRDA:675,103,0,2
BRDA:675,103,1,2
BRDA:676,104,0,2
BRDA:676,104,1,2
BRDA:677,105,0,2
BRDA:677,105,1,2
BRDA:678,106,0,2
BRDA:678,106,1,2
BRDA:679,107,0,2
BRDA:679,107,1,2
BRDA:680,108,0,2
BRDA:680,108,1,2
BRDA:681,109,0,2
BRDA:681,109,1,2
BRDA:682,110,0,2
BRDA:682,110,1,2
BRDA:683,111,0,2
BRDA:683,111,1,2
BRDA:684,112,0,2
BRDA:684,112,1,2
BRDA:685,113,0,2
BRDA:685,113,1,2
BRDA:686,114,0,2
BRDA:686,114,1,2
BRDA:687,115,0,2
BRDA:687,115,1,2
BRDA:688,116,0,2
BRDA:688,116,1,2
BRDA:689,117,0,0
BRDA:689,117,1,2
BRDA:690,118,0,2
BRDA:690,118,1,2
BRDA:691,119,0,2
BRDA:691,119,1,2
BRDA:692,120,0,2
BRDA:692,120,1,2
BRDA:693,121,0,2
BRDA:693,121,1,2
BRDA:694,122,0,2
BRDA:694,122,1,2
BRDA:695,123,0,2
BRDA:695,123,1,2
BRDA:696,124,0,2
BRDA:696,124,1,2
BRDA:697,125,0,2
BRDA:697,125,1,2
BRDA:698,126,0,2
BRDA:698,126,1,2
BRDA:699,127,0,2
BRDA:699,127,1,2
BRDA:700,128,0,2
BRDA:700,128,1,2
BRDA:701,129,0,2
BRDA:701,129,1,2
BRDA:702,130,0,2
BRDA:702,130,1,2
BRDA:707,131,0,0
BRDA:707,131,1,2
BRDA:727,132,0,0
BRDA:727,132,1,1
BRDA:745,133,0,0
BRDA:745,133,1,2
BRDA:745,134,0,2
BRDA:745,134,1,0
BRDA:746,135,0,0
BRDA:746,135,1,2
BRDA:747,136,0,0
BRDA:747,136,1,2
BRDA:748,137,0,1
BRDA:748,137,1,1
BRDA:756,138,0,0
BRDA:756,138,1,2
BRDA:761,139,0,0
BRDA:761,139,1,0
BRDA:766,140,0,0
BRDA:766,140,1,0
BRDA:767,141,0,0
BRDA:767,141,1,0
BRDA:767,142,0,0
BRDA:767,142,1,0
BRDA:774,143,0,0
BRDA:774,143,1,0
BRDA:786,144,0,0
BRDA:786,144,1,0
BRDA:791,145,0,0
BRDA:791,145,1,0
BRDA:792,146,0,0
BRDA:792,146,1,0
BRF:290
BRH:185
end_of_record
TN:
SF:src/controllers/masterDataController.js
FN:10,(anonymous_0)
FN:11,(anonymous_1)
FN:20,(anonymous_2)
FN:29,(anonymous_3)
FN:40,(anonymous_4)
FNF:5
FNH:5
FNDA:40,(anonymous_0)
FNDA:8,(anonymous_1)
FNDA:8,(anonymous_2)
FNDA:13,(anonymous_3)
FNDA:8,(anonymous_4)
DA:1,5
DA:2,5
DA:3,5
DA:4,5
DA:5,5
DA:6,5
DA:7,5
DA:8,5
DA:10,40
DA:12,8
DA:13,8
DA:14,8
DA:16,0
DA:17,0
DA:21,8
DA:22,8
DA:23,8
DA:25,0
DA:26,0
DA:30,13
DA:31,13
DA:32,13
DA:33,8
DA:34,8
DA:36,0
DA:37,0
DA:41,8
DA:42,8
DA:43,8
DA:44,8
DA:45,8
DA:47,0
DA:48,0
DA:53,0
DA:54,0
DA:59,5
DA:60,5
DA:61,5
DA:62,5
DA:63,5
DA:64,5
DA:65,5
DA:66,5
DA:68,5
LF:44
LH:34
BRDA:10,0,0,20
BRDA:32,1,0,5
BRDA:32,1,1,8
BRDA:43,2,0,0
BRDA:43,2,1,8
BRDA:47,3,0,0
BRDA:47,3,1,0
BRF:7
BRH:4
end_of_record
TN:
SF:src/controllers/userController.js
FN:5,(anonymous_0)
FN:26,(anonymous_1)
FN:78,(anonymous_2)
FN:121,(anonymous_3)
FNF:4
FNH:4
FNDA:2,(anonymous_0)
FNDA:8,(anonymous_1)
FNDA:3,(anonymous_2)
FNDA:2,(anonymous_3)
DA:1,5
DA:2,5
DA:5,5
DA:6,2
DA:7,2
DA:11,2
DA:17,0
DA:18,0
DA:26,5
DA:27,8
DA:28,8
DA:30,8
DA:31,1
DA:37,7
DA:38,7
DA:39,1
DA:45,6
DA:47,6
DA:56,6
DA:69,0
DA:70,0
DA:78,5
DA:79,3
DA:80,3
DA:81,3
DA:83,3
DA:84,3
DA:85,1
DA:91,2
DA:93,2
DA:94,1
DA:97,2
DA:99,2
DA:112,0
DA:113,0
DA:121,5
DA:122,2
DA:123,2
DA:124,2
DA:127,2
DA:128,1
DA:134,1
DA:135,1
DA:136,0
DA:142,1
DA:144,1
DA:154,0
DA:155,0
DA:162,5
LF:49
LH:40
BRDA:30,0,0,1
BRDA:30,0,1,7
BRDA:30,1,0,8
BRDA:30,1,1,8
BRDA:30,1,2,7
BRDA:30,1,3,7
BRDA:30,1,4,7
BRDA:38,2,0,1
BRDA:38,2,1,6
BRDA:84,3,0,1
BRDA:84,3,1,2
BRDA:93,4,0,1
BRDA:93,4,1,1
BRDA:127,5,0,1
BRDA:127,5,1,1
BRDA:135,6,0,0
BRDA:135,6,1,1
BRDA:146,7,0,0
BRDA:146,7,1,1
BRF:19
BRH:17
end_of_record
TN:
SF:src/middlewares/authMiddleware.js
FN:3,(anonymous_0)
FNF:1
FNH:1
FNDA:101,(anonymous_0)
DA:1,5
DA:3,5
DA:4,101
DA:5,101
DA:7,101
DA:8,10
DA:14,91
DA:15,91
DA:16,91
DA:17,91
DA:19,0
DA:26,5
LF:12
LH:11
BRDA:5,0,0,101
BRDA:5,0,1,91
BRDA:7,1,0,10
BRDA:7,1,1,91
BRF:4
BRH:4
end_of_record
TN:
SF:src/middlewares/roleMiddleware.js
FN:1,(anonymous_0)
FN:2,(anonymous_1)
FNF:2
FNH:2
FNDA:45,(anonymous_0)
FNDA:63,(anonymous_1)
DA:1,5
DA:2,45
DA:3,63
DA:4,7
DA:9,56
DA:13,5
LF:6
LH:6
BRDA:3,0,0,7
BRDA:3,0,1,56
BRF:2
BRH:2
end_of_record
TN:
SF:src/models/AuditLog.js
FNF:0
FNH:0
DA:1,5
DA:2,5
DA:4,5
DA:40,5
LF:4
LH:4
BRF:0
BRH:0
end_of_record
TN:
SF:src/models/BusinessCase.js
FNF:0
FNH:0
DA:1,5
DA:2,5
DA:4,5
DA:103,5
LF:4
LH:4
BRF:0
BRH:0
end_of_record
TN:
SF:src/models/Department.js
FNF:0
FNH:0
DA:1,5
DA:2,5
DA:4,5
DA:10,5
LF:4
LH:4
BRF:0
BRH:0
end_of_record
TN:
SF:src/models/Division.js
FNF:0
FNH:0
DA:1,5
DA:2,5
DA:4,5
DA:10,5
LF:4
LH:4
BRF:0
BRH:0
end_of_record
TN:
SF:src/models/Group.js
FNF:0
FNH:0
DA:1,5
DA:2,5
DA:4,5
DA:9,5
LF:4
LH:4
BRF:0
BRH:0
end_of_record
TN:
SF:src/models/PreSalesTeam.js
FNF:0
FNH:0
DA:1,5
DA:2,5
DA:4,5
DA:9,5
LF:4
LH:4
BRF:0
BRH:0
end_of_record
TN:
SF:src/models/PricingTeam.js
FNF:0
FNH:0
DA:1,5
DA:2,5
DA:4,5
DA:9,5
LF:4
LH:4
BRF:0
BRH:0
end_of_record
TN:
SF:src/models/SalesTeam.js
FNF:0
FNH:0
DA:1,5
DA:2,5
DA:4,5
DA:23,5
LF:4
LH:4
BRF:0
BRH:0
end_of_record
TN:
SF:src/models/Service.js
FNF:0
FNH:0
DA:1,5
DA:2,5
DA:4,5
DA:18,5
LF:4
LH:4
BRF:0
BRH:0
end_of_record
TN:
SF:src/models/ServiceDetail.js
FNF:0
FNH:0
DA:1,5
DA:2,5
DA:4,5
DA:33,5
LF:4
LH:4
BRF:0
BRH:0
end_of_record
TN:
SF:src/models/SubService.js
FNF:0
FNH:0
DA:1,5
DA:2,5
DA:4,5
DA:13,5
LF:4
LH:4
BRF:0
BRH:0
end_of_record
TN:
SF:src/models/TenderDetail.js
FNF:0
FNH:0
DA:1,5
DA:2,5
DA:4,5
DA:19,5
LF:4
LH:4
BRF:0
BRH:0
end_of_record
TN:
SF:src/models/User.js
FNF:0
FNH:0
DA:1,5
DA:2,5
DA:4,5
DA:40,5
LF:4
LH:4
BRF:0
BRH:0
end_of_record
TN:
SF:src/models/index.js
FNF:0
FNH:0
DA:1,5
DA:2,5
DA:3,5
DA:4,5
DA:5,5
DA:6,5
DA:7,5
DA:8,5
DA:9,5
DA:10,5
DA:11,5
DA:12,5
DA:13,5
DA:16,5
DA:17,5
DA:20,5
DA:21,5
DA:24,5
DA:25,5
DA:28,5
DA:29,5
DA:32,5
DA:33,5
DA:36,5
DA:37,5
DA:40,5
DA:41,5
DA:44,5
DA:49,5
DA:56,5
DA:57,5
DA:59,5
DA:60,5
DA:62,5
DA:63,5
DA:66,5
DA:67,5
DA:69,5
LF:38
LH:38
BRF:0
BRH:0
end_of_record
TN:
SF:src/routes/auditLogRoutes.js
FNF:0
FNH:0
DA:1,5
DA:2,5
DA:3,5
DA:4,5
DA:5,5
DA:8,5
DA:10,5
LF:7
LH:7
BRF:0
BRH:0
end_of_record
TN:
SF:src/routes/authRoutes.js
FNF:0
FNH:0
DA:1,5
DA:2,5
DA:3,5
DA:4,5
DA:6,5
DA:7,5
DA:9,5
LF:7
LH:7
BRF:0
BRH:0
end_of_record
TN:
SF:src/routes/businessCaseRoutes.js
FNF:0
FNH:0
DA:1,5
DA:2,5
DA:14,5
DA:15,5
DA:16,5
DA:17,5
DA:19,5
DA:20,5
DA:21,5
DA:22,5
DA:23,5
DA:24,5
DA:25,5
DA:26,5
DA:27,5
DA:28,5
DA:30,5
LF:17
LH:17
BRF:0
BRH:0
end_of_record
TN:
SF:src/routes/masterDataRoutes.js
FNF:0
FNH:0
DA:1,5
DA:2,5
DA:7,5
DA:8,5
DA:9,5
DA:11,5
DA:12,5
DA:14,5
DA:15,5
DA:16,5
DA:17,5
DA:19,5
DA:20,5
DA:21,5
DA:22,5
DA:24,5
DA:25,5
DA:26,5
DA:27,5
DA:29,5
DA:30,5
DA:31,5
DA:32,5
DA:34,5
DA:35,5
DA:36,5
DA:37,5
DA:39,5
DA:40,5
DA:41,5
DA:42,5
DA:44,5
DA:45,5
DA:46,5
DA:47,5
DA:49,5
DA:50,5
DA:51,5
DA:52,5
DA:54,5
LF:40
LH:40
BRF:0
BRH:0
end_of_record
TN:
SF:src/routes/userRoutes.js
FNF:0
FNH:0
DA:1,5
DA:2,5
DA:8,5
DA:9,5
DA:10,5
DA:12,5
DA:13,5
DA:14,5
DA:15,5
DA:17,5
LF:10
LH:10
BRF:0
BRH:0
end_of_record
TN:
SF:src/utils/auditLogger.js
FN:14,(anonymous_0)
FNF:1
FNH:1
FNDA:7,(anonymous_0)
DA:1,5
DA:14,5
DA:15,7
DA:16,7
DA:17,7
DA:27,0
DA:31,5
LF:7
LH:6
BRDA:14,0,0,0
BRDA:14,1,0,1
BRDA:16,2,0,6
BRDA:16,2,1,1
BRDA:20,3,0,7
BRDA:20,3,1,0
BRDA:21,4,0,7
BRDA:21,4,1,0
BRF:8
BRH:5
end_of_record
TN:
SF:src/utils/bcHelpers.js
FN:3,(anonymous_0)
FN:8,(anonymous_1)
FN:14,(anonymous_2)
FN:20,(anonymous_3)
FN:26,(anonymous_4)
FN:33,(anonymous_5)
FN:75,(anonymous_6)
FN:77,(anonymous_7)
FN:89,(anonymous_8)
FN:91,(anonymous_9)
FNF:10
FNH:10
FNDA:12,(anonymous_0)
FNDA:48,(anonymous_1)
FNDA:162,(anonymous_2)
FNDA:24,(anonymous_3)
FNDA:76,(anonymous_4)
FNDA:6,(anonymous_5)
FNDA:2,(anonymous_6)
FNDA:120,(anonymous_7)
FNDA:4,(anonymous_8)
FNDA:4,(anonymous_9)
DA:3,5
DA:4,12
DA:5,0
DA:8,5
DA:9,48
DA:10,36
DA:11,36
DA:14,5
DA:15,162
DA:16,0
DA:17,0
DA:20,5
DA:21,24
DA:22,0
DA:23,0
DA:26,5
DA:27,76
DA:28,12
DA:33,5
DA:34,6
DA:35,6
DA:36,6
DA:37,6
DA:38,6
DA:39,6
DA:40,6
DA:42,6
DA:45,6
DA:46,6
DA:47,6
DA:48,6
DA:49,0
DA:52,6
DA:57,5
DA:75,5
DA:76,2
DA:77,120
DA:79,2
DA:80,60
DA:81,60
DA:82,60
DA:83,2
DA:86,2
DA:89,5
DA:90,4
DA:91,4
DA:92,4
DA:93,4
DA:94,4
DA:95,4
DA:96,4
DA:97,4
DA:98,4
DA:102,5
LF:54
LH:48
BRDA:4,0,0,12
BRDA:4,0,1,0
BRDA:4,1,0,12
BRDA:4,1,1,0
BRDA:4,1,2,0
BRDA:9,2,0,12
BRDA:9,2,1,36
BRDA:9,3,0,48
BRDA:9,3,1,12
BRDA:11,4,0,0
BRDA:11,4,1,36
BRDA:15,5,0,162
BRDA:15,5,1,0
BRDA:15,6,0,162
BRDA:15,6,1,162
BRDA:17,7,0,0
BRDA:17,7,1,0
BRDA:17,8,0,0
BRDA:17,8,1,0
BRDA:21,9,0,24
BRDA:21,9,1,0
BRDA:21,10,0,24
BRDA:21,10,1,24
BRDA:23,11,0,0
BRDA:23,11,1,0
BRDA:27,12,0,64
BRDA:27,12,1,12
BRDA:27,13,0,76
BRDA:27,13,1,12
BRDA:34,14,0,6
BRDA:34,14,1,6
BRDA:35,15,0,6
BRDA:35,15,1,6
BRDA:36,16,0,6
BRDA:36,16,1,6
BRDA:37,17,0,6
BRDA:37,17,1,6
BRDA:38,18,0,6
BRDA:38,18,1,6
BRDA:39,19,0,6
BRDA:39,19,1,6
BRDA:40,20,0,6
BRDA:40,20,1,6
BRDA:42,21,0,0
BRDA:42,21,1,6
BRDA:42,22,0,6
BRDA:42,22,1,0
BRDA:42,22,2,0
BRDA:48,23,0,0
BRDA:48,23,1,6
BRDA:77,24,0,56
BRDA:77,24,1,64
BRDA:77,25,0,120
BRDA:77,25,1,72
BRDA:77,25,2,64
BRDA:82,26,0,58
BRDA:82,26,1,2
BRDA:83,27,0,2
BRDA:83,27,1,0
BRDA:83,28,0,2
BRDA:83,28,1,0
BRDA:86,29,0,2
BRDA:86,29,1,0
BRDA:90,30,0,0
BRDA:90,30,1,4
BRDA:90,31,0,4
BRDA:90,31,1,4
BRDA:93,32,0,4
BRDA:93,32,1,0
BRDA:94,33,0,4
BRDA:94,33,1,0
BRDA:95,34,0,4
BRDA:95,34,1,0
BRDA:96,35,0,0
BRDA:96,35,1,4
BRDA:97,36,0,0
BRDA:97,36,1,4
BRF:77
BRH:52
end_of_record
TN:
SF:src/utils/seedAdmin.js
FN:4,(anonymous_0)
FNF:1
FNH:1
FNDA:5,(anonymous_0)
DA:1,5
DA:2,5
DA:4,5
DA:5,5
DA:6,5
DA:7,5
DA:9,5
DA:11,5
DA:20,5
DA:22,0
DA:26,5
LF:11
LH:10
BRDA:7,0,0,0
BRDA:7,0,1,5
BRF:2
BRH:1
end_of_record
TN:
SF:src/utils/seedMasterData.js
FN:10,(anonymous_0)
FNF:1
FNH:1
FNDA:5,(anonymous_0)
DA:1,5
DA:2,5
DA:3,5
DA:4,5
DA:5,5
DA:6,5
DA:7,5
DA:8,5
DA:10,5
DA:11,5
DA:12,5
DA:13,5
DA:16,5
DA:17,5
DA:20,5
DA:21,5
DA:22,5
DA:25,5
DA:26,5
DA:27,5
DA:30,5
DA:31,5
DA:32,5
DA:33,5
DA:36,5
DA:37,5
DA:40,5
DA:41,5
DA:44,5
DA:45,5
DA:46,5
DA:49,5
DA:53,5
DA:57,5
DA:61,5
DA:65,5
DA:70,5
DA:72,0
DA:76,5
LF:39
LH:38
BRDA:13,0,0,0
BRDA:13,0,1,5
BRF:2
BRH:1
end_of_record
